    [r=1 بذرة 0] تحميل البيانات...
  ▶ [r=1:1] بذرة 0 | 250 خطوة | seq=128 | معاملات=122115 | بيانات=fallback_local إجبار
    خطوة     0 | خسارة=5.5575
    خطوة    50 | خسارة=5.2025
    خطوة   100 | خسارة=3.6447
    خطوة   150 | خسارة=3.4482
    خطوة   200 | خسارة=3.2871
    خطوة   249 | خسارة=3.2562
    ✓ PPL=26.2981 | رامة=332م.ب | 93ث
    [r=1 بذرة 1] تحميل البيانات...
  ▶ [r=1:1] بذرة 1 | 250 خطوة | seq=128 | معاملات=122115 | بيانات=fallback_local إجبار
    خطوة     0 | خسارة=5.5502
    خطوة    50 | خسارة=5.1782
    خطوة   100 | خسارة=3.5758
    خطوة   150 | خسارة=3.4008
    خطوة   200 | خسارة=3.1824
    خطوة   249 | خسارة=3.2111
    ✓ PPL=26.0240 | رامة=332م.ب | 98ث
    [r=1 بذرة 2] تحميل البيانات...
  ▶ [r=1:1] بذرة 2 | 250 خطوة | seq=128 | معاملات=122115 | بيانات=fallback_local إجبار
    خطوة     0 | خسارة=5.5548
    خطوة    50 | خسارة=5.2311
    خطوة   100 | خسارة=3.5991
    خطوة   150 | خسارة=3.4775
    خطوة   200 | خسارة=3.4540
    خطوة   249 | خسارة=3.4381
    ✓ PPL=30.7728 | رامة=333م.ب | 77ث
    [r=2 بذرة 0] تحميل البيانات...
  ▶ [r=2:1] بذرة 0 | 250 خطوة | seq=128 | معاملات=124259 | بيانات=fallback_local إجبار
    خطوة     0 | خسارة=5.5562
    خطوة    50 | خسارة=5.1652
    خطوة   100 | خسارة=3.5987
    خطوة   150 | خسارة=3.3005
    خطوة   200 | خسارة=3.2146
    خطوة   249 | خسارة=3.2109
    ✓ PPL=23.8291 | رامة=335م.ب | 78ث
    [r=2 بذرة 1] تحميل البيانات...
  ▶ [r=2:1] بذرة 1 | 250 خطوة | seq=128 | معاملات=124259 | بيانات=fallback_local إجبار
    خطوة     0 | خسارة=5.5534
    خطوة    50 | خسارة=5.1510
    خطوة   100 | خسارة=3.6073
    خطوة   150 | خسارة=3.3742
    خطوة   200 | خسارة=3.2054
    خطوة   249 | خسارة=3.2148
    ✓ PPL=23.8890 | رامة=335م.ب | 112ث
    [r=2 بذرة 2] تحميل البيانات...
  ▶ [r=2:1] بذرة 2 | 250 خطوة | seq=128 | معاملات=124259 | بيانات=fallback_local إجبار
    خطوة     0 | خسارة=5.5321
    خطوة    50 | خسارة=5.0374
    خطوة   100 | خسارة=3.5405
    خطوة   150 | خسارة=3.3915
    خطوة   200 | خسارة=3.2501
    خطوة   249 | خسارة=3.2643
    ✓ PPL=26.7536 | رامة=334م.ب | 108ث
    [r=4 بذرة 0] تحميل البيانات...
  ▶ [r=4:1] بذرة 0 | 250 خطوة | seq=128 | معاملات=120115 | بيانات=fallback_local إجبار
    خطوة     0 | خسارة=5.5447
    خطوة    50 | خسارة=5.1067
    خطوة   100 | خسارة=3.6018
    خطوة   150 | خسارة=3.4936
    خطوة   200 | خسارة=3.3861
    خطوة   249 | خسارة=3.3367
    ✓ PPL=29.0113 | رامة=335م.ب | 127ث
    [r=4 بذرة 1] تحميل البيانات...
  ▶ [r=4:1] بذرة 1 | 250 خطوة | seq=128 | معاملات=120115 | بيانات=fallback_local إجبار
    خطوة     0 | خسارة=5.5433
    خطوة    50 | خسارة=5.0633
    خطوة   100 | خسارة=3.6017
    خطوة   150 | خسارة=3.4863
    خطوة   200 | خسارة=3.3528
    خطوة   249 | خسارة=3.3286
    ✓ PPL=27.9360 | رامة=334م.ب | 115ث
    [r=4 بذرة 2] تحميل البيانات...
  ▶ [r=4:1] بذرة 2 | 250 خطوة | seq=128 | معاملات=120115 | بيانات=fallback_local إجبار
    خطوة     0 | خسارة=5.5394
    خطوة    50 | خسارة=5.0591
    خطوة   100 | خسارة=3.6073
    خطوة   150 | خسارة=3.4461
    خطوة   200 | خسارة=3.3759
    خطوة   249 | خسارة=3.3283
    ✓ PPL=28.9014 | رامة=334م.ب | 94ث
    [r=8 بذرة 0] تحميل البيانات...
  ▶ [r=8:1] بذرة 0 | 250 خطوة | seq=128 | معاملات=118043 | بيانات=fallback_local إجبار
    خطوة     0 | خسارة=5.5454
    خطوة    50 | خسارة=5.0361
    خطوة   100 | خسارة=3.6639
    خطوة   150 | خسارة=3.4917
    خطوة   200 | خسارة=3.4759
    خطوة   249 | خسارة=3.4011
    ✓ PPL=30.2464 | رامة=334م.ب | 71ث
    [r=8 بذرة 1] تحميل البيانات...
  ▶ [r=8:1] بذرة 1 | 250 خطوة | seq=128 | معاملات=118043 | بيانات=fallback_local إجبار
    خطوة     0 | خسارة=5.5499
    خطوة    50 | خسارة=5.0822
    خطوة   100 | خسارة=3.6614
    خطوة   150 | خسارة=3.3802
    خطوة   200 | خسارة=3.2605
    خطوة   249 | خسارة=3.1924
    ✓ PPL=24.8460 | رامة=335م.ب | 89ث
    [r=8 بذرة 2] تحميل البيانات...
  ▶ [r=8:1] بذرة 2 | 250 خطوة | seq=128 | معاملات=118043 | بيانات=fallback_local إجبار
